<?xml version="1.0" encoding="UTF-8"?>
<testsuite name="com.local.accounts.unit.infrastructure.router.AccountControllerTest" tests="5" skipped="0" failures="0" errors="0" timestamp="2025-03-25T04:52:22" hostname="DESKTOP-380PQM4" time="0.888">
  <properties/>
  <testcase name="testCreateAccount()" classname="com.local.accounts.unit.infrastructure.router.AccountControllerTest" time="0.825"/>
  <testcase name="testGetAccount()" classname="com.local.accounts.unit.infrastructure.router.AccountControllerTest" time="0.033"/>
  <testcase name="testUpdateAccount()" classname="com.local.accounts.unit.infrastructure.router.AccountControllerTest" time="0.011"/>
  <testcase name="testDeleteAccount()" classname="com.local.accounts.unit.infrastructure.router.AccountControllerTest" time="0.008"/>
  <testcase name="testGetAccountBalance()" classname="com.local.accounts.unit.infrastructure.router.AccountControllerTest" time="0.008"/>
  <system-out><![CDATA[01:52:22.717 [Test worker] INFO org.springframework.mock.web.MockServletContext -- Initializing Spring TestDispatcherServlet ''
01:52:22.720 [Test worker] INFO org.springframework.test.web.servlet.TestDispatcherServlet -- Initializing Servlet ''
01:52:22.723 [Test worker] INFO org.springframework.test.web.servlet.TestDispatcherServlet -- Completed initialization in 2 ms
01:52:22.862 [Test worker] INFO org.springframework.mock.web.MockServletContext -- Initializing Spring TestDispatcherServlet ''
01:52:22.862 [Test worker] INFO org.springframework.test.web.servlet.TestDispatcherServlet -- Initializing Servlet ''
01:52:22.862 [Test worker] INFO org.springframework.test.web.servlet.TestDispatcherServlet -- Completed initialization in 0 ms
01:52:22.895 [Test worker] INFO org.springframework.mock.web.MockServletContext -- Initializing Spring TestDispatcherServlet ''
01:52:22.896 [Test worker] INFO org.springframework.test.web.servlet.TestDispatcherServlet -- Initializing Servlet ''
01:52:22.896 [Test worker] INFO org.springframework.test.web.servlet.TestDispatcherServlet -- Completed initialization in 0 ms
01:52:22.905 [Test worker] INFO org.springframework.mock.web.MockServletContext -- Initializing Spring TestDispatcherServlet ''
01:52:22.906 [Test worker] INFO org.springframework.test.web.servlet.TestDispatcherServlet -- Initializing Servlet ''
01:52:22.906 [Test worker] INFO org.springframework.test.web.servlet.TestDispatcherServlet -- Completed initialization in 0 ms
01:52:22.913 [Test worker] INFO org.springframework.mock.web.MockServletContext -- Initializing Spring TestDispatcherServlet ''
01:52:22.913 [Test worker] INFO org.springframework.test.web.servlet.TestDispatcherServlet -- Initializing Servlet ''
01:52:22.913 [Test worker] INFO org.springframework.test.web.servlet.TestDispatcherServlet -- Completed initialization in 0 ms
]]></system-out>
  <system-err><![CDATA[]]></system-err>
</testsuite>
