<?xml version="1.0" encoding="UTF-8"?>
<testsuite name="com.local.accounts.unit.usecase.transactions.DefaultDepositImplTest" tests="1" skipped="0" failures="0" errors="0" timestamp="2025-03-25T04:52:23" hostname="DESKTOP-380PQM4" time="0.003">
  <properties/>
  <testcase name="testApply()" classname="com.local.accounts.unit.usecase.transactions.DefaultDepositImplTest" time="0.003"/>
  <system-out><![CDATA[]]></system-out>
  <system-err><![CDATA[]]></system-err>
</testsuite>
