<?xml version="1.0" encoding="UTF-8"?>
<testsuite name="com.local.accounts.unit.usecase.accounts.DefaultDeleteAccountImplTest" tests="1" skipped="0" failures="0" errors="0" timestamp="2025-03-25T04:52:23" hostname="DESKTOP-380PQM4" time="0.002">
  <properties/>
  <testcase name="testAccept()" classname="com.local.accounts.unit.usecase.accounts.DefaultDeleteAccountImplTest" time="0.002"/>
  <system-out><![CDATA[]]></system-out>
  <system-err><![CDATA[]]></system-err>
</testsuite>
